ERROR - 2023-12-04 18:46:22 --> Error connecting to the database: mysqli_sql_exception: Unknown database 'ci4' in C:\xampp\htdocs\sneaky_shoes\system\Database\MySQLi\Connection.php:184
Stack trace:
#0 C:\xampp\htdocs\sneaky_shoes\system\Database\MySQLi\Connection.php(184): mysqli->real_connect('localhost', 'root', Object(SensitiveParameterValue), 'ci4', 3306, '', 0)
#1 C:\xampp\htdocs\sneaky_shoes\system\Database\BaseConnection.php(392): CodeIgniter\Database\MySQLi\Connection->connect(false)
#2 C:\xampp\htdocs\sneaky_shoes\system\Database\BaseConnection.php(575): CodeIgniter\Database\BaseConnection->initialize()
#3 C:\xampp\htdocs\sneaky_shoes\system\Database\BaseBuilder.php(1615): CodeIgniter\Database\BaseConnection->query('SELECT *\nFROM `...', Array, false)
#4 C:\xampp\htdocs\sneaky_shoes\system\Model.php(237): CodeIgniter\Database\BaseBuilder->get()
#5 C:\xampp\htdocs\sneaky_shoes\system\BaseModel.php(624): CodeIgniter\Model->doFindAll(0, 0)
#6 C:\xampp\htdocs\sneaky_shoes\app\Controllers\Sneaker.php(24): CodeIgniter\BaseModel->findAll()
#7 C:\xampp\htdocs\sneaky_shoes\system\CodeIgniter.php(942): App\Controllers\Sneaker->mostrar()
#8 C:\xampp\htdocs\sneaky_shoes\system\CodeIgniter.php(502): CodeIgniter\CodeIgniter->runController(Object(App\Controllers\Sneaker))
#9 C:\xampp\htdocs\sneaky_shoes\system\CodeIgniter.php(361): CodeIgniter\CodeIgniter->handleRequest(NULL, Object(Config\Cache), false)
#10 C:\xampp\htdocs\sneaky_shoes\public\index.php(79): CodeIgniter\CodeIgniter->run()
#11 C:\xampp\htdocs\sneaky_shoes\system\Commands\Server\rewrite.php(47): require_once('C:\\xampp\\htdocs...')
#12 {main}

Next CodeIgniter\Database\Exceptions\DatabaseException: Unknown database 'ci4' in C:\xampp\htdocs\sneaky_shoes\system\Database\MySQLi\Connection.php:229
Stack trace:
#0 C:\xampp\htdocs\sneaky_shoes\system\Database\BaseConnection.php(392): CodeIgniter\Database\MySQLi\Connection->connect(false)
#1 C:\xampp\htdocs\sneaky_shoes\system\Database\BaseConnection.php(575): CodeIgniter\Database\BaseConnection->initialize()
#2 C:\xampp\htdocs\sneaky_shoes\system\Database\BaseBuilder.php(1615): CodeIgniter\Database\BaseConnection->query('SELECT *\nFROM `...', Array, false)
#3 C:\xampp\htdocs\sneaky_shoes\system\Model.php(237): CodeIgniter\Database\BaseBuilder->get()
#4 C:\xampp\htdocs\sneaky_shoes\system\BaseModel.php(624): CodeIgniter\Model->doFindAll(0, 0)
#5 C:\xampp\htdocs\sneaky_shoes\app\Controllers\Sneaker.php(24): CodeIgniter\BaseModel->findAll()
#6 C:\xampp\htdocs\sneaky_shoes\system\CodeIgniter.php(942): App\Controllers\Sneaker->mostrar()
#7 C:\xampp\htdocs\sneaky_shoes\system\CodeIgniter.php(502): CodeIgniter\CodeIgniter->runController(Object(App\Controllers\Sneaker))
#8 C:\xampp\htdocs\sneaky_shoes\system\CodeIgniter.php(361): CodeIgniter\CodeIgniter->handleRequest(NULL, Object(Config\Cache), false)
#9 C:\xampp\htdocs\sneaky_shoes\public\index.php(79): CodeIgniter\CodeIgniter->run()
#10 C:\xampp\htdocs\sneaky_shoes\system\Commands\Server\rewrite.php(47): require_once('C:\\xampp\\htdocs...')
#11 {main}
CRITICAL - 2023-12-04 18:46:22 --> Unable to connect to the database.
Main connection [MySQLi]: Unknown database 'ci4'
in SYSTEMPATH\Database\BaseConnection.php on line 428.
 1 SYSTEMPATH\Database\BaseConnection.php(575): CodeIgniter\Database\BaseConnection->initialize()
 2 SYSTEMPATH\Database\BaseBuilder.php(1615): CodeIgniter\Database\BaseConnection->query('SELECT *
FROM `sneakers`
WHERE `sneakers`.`deleted_at` IS NULL', [], false)
 3 SYSTEMPATH\Model.php(237): CodeIgniter\Database\BaseBuilder->get()
 4 SYSTEMPATH\BaseModel.php(624): CodeIgniter\Model->doFindAll(0, 0)
 5 APPPATH\Controllers\Sneaker.php(24): CodeIgniter\BaseModel->findAll()
 6 SYSTEMPATH\CodeIgniter.php(942): App\Controllers\Sneaker->mostrar()
 7 SYSTEMPATH\CodeIgniter.php(502): CodeIgniter\CodeIgniter->runController(Object(App\Controllers\Sneaker))
 8 SYSTEMPATH\CodeIgniter.php(361): CodeIgniter\CodeIgniter->handleRequest(null, Object(Config\Cache), false)
 9 FCPATH\index.php(79): CodeIgniter\CodeIgniter->run()
10 SYSTEMPATH\Commands\Server\rewrite.php(47): require_once('C:\\xampp\\htdocs\\sneaky_shoes\\public\\index.php')
CRITICAL - 2023-12-04 18:47:07 --> Invalid file: "common/head.php"
in SYSTEMPATH\Exceptions\FrameworkException.php on line 39.
 1 SYSTEMPATH\View\View.php(216): CodeIgniter\Exceptions\FrameworkException::forInvalidFile('common/head.php')
 2 SYSTEMPATH\Common.php(1190): CodeIgniter\View\View->render('common/head', [], true)
 3 APPPATH\Controllers\Sneaker.php(27): view('common/head')
 4 SYSTEMPATH\CodeIgniter.php(942): App\Controllers\Sneaker->mostrar()
 5 SYSTEMPATH\CodeIgniter.php(502): CodeIgniter\CodeIgniter->runController(Object(App\Controllers\Sneaker))
 6 SYSTEMPATH\CodeIgniter.php(361): CodeIgniter\CodeIgniter->handleRequest(null, Object(Config\Cache), false)
 7 FCPATH\index.php(79): CodeIgniter\CodeIgniter->run()
 8 SYSTEMPATH\Commands\Server\rewrite.php(47): require_once('C:\\xampp\\htdocs\\sneaky_shoes\\public\\index.php')
CRITICAL - 2023-12-04 21:38:25 --> The framework needs the following extension(s) installed and loaded: intl.
in SYSTEMPATH\CodeIgniter.php on line 252.
 1 SYSTEMPATH\CodeIgniter.php(252): CodeIgniter\Exceptions\FrameworkException::forMissingExtension('intl')
 2 SYSTEMPATH\CodeIgniter.php(214): CodeIgniter\CodeIgniter->resolvePlatformExtensions()
 3 ROOTPATH\spark(88): CodeIgniter\CodeIgniter->initialize()
CRITICAL - 2023-12-04 21:38:25 --> Uncaught Error: Class "Locale" not found in C:\xampp\htdocs\sneaky_shoes\system\I18n\TimeTrait.php:74
Stack trace:
#0 C:\xampp\htdocs\sneaky_shoes\system\I18n\TimeTrait.php(115): CodeIgniter\I18n\Time->__construct(NULL, NULL, NULL)
#1 C:\xampp\htdocs\sneaky_shoes\system\HTTP\ResponseTrait.php(468): CodeIgniter\I18n\Time::now()
#2 C:\xampp\htdocs\sneaky_shoes\system\HTTP\ResponseTrait.php(446): CodeIgniter\HTTP\Response->sendHeaders()
#3 C:\xampp\htdocs\sneaky_shoes\system\Debug\ExceptionHandler.php(81): CodeIgniter\HTTP\Response->send()
#4 C:\xampp\htdocs\sneaky_shoes\system\Debug\Exceptions.php(148): CodeIgniter\Debug\ExceptionHandler->handle(Object(CodeIgniter\Exceptions\FrameworkException), Object(CodeIgniter\HTTP\IncomingRequest), Object(CodeIgniter\HTTP\Response), 500, 1)
#5 [internal function]: CodeIgniter\Debug\Exceptions->exceptionHandler(Object(CodeIgniter\Exceptions\FrameworkException))
#6 {main}
  thrown
【Previous Exception】
CodeIgniter\Exceptions\FrameworkException
The framework needs the following extension(s) installed and loaded: intl.
#0 C:\xampp\htdocs\sneaky_shoes\system\CodeIgniter.php(252): CodeIgniter\Exceptions\FrameworkException::forMissingExtension('intl')
#1 C:\xampp\htdocs\sneaky_shoes\system\CodeIgniter.php(214): CodeIgniter\CodeIgniter->resolvePlatformExtensions()
#2 C:\xampp\htdocs\sneaky_shoes\spark(88): CodeIgniter\CodeIgniter->initialize()
#3 {main}
in SYSTEMPATH\I18n\TimeTrait.php on line 74.
 1 [internal function]: CodeIgniter\Debug\Exceptions->shutdownHandler()
CRITICAL - 2023-12-04 21:29:54 --> Undefined variable $data
in APPPATH\Controllers\Sneaker.php on line 58.
 1 APPPATH\Controllers\Sneaker.php(58): CodeIgniter\Debug\Exceptions->errorHandler(2, 'Undefined variable $data', 'C:\\xampp\\htdocs\\sneaky_shoes\\app\\Controllers\\Sneaker.php', 58)
 2 SYSTEMPATH\CodeIgniter.php(942): App\Controllers\Sneaker->agregar()
 3 SYSTEMPATH\CodeIgniter.php(502): CodeIgniter\CodeIgniter->runController(Object(App\Controllers\Sneaker))
 4 SYSTEMPATH\CodeIgniter.php(361): CodeIgniter\CodeIgniter->handleRequest(null, Object(Config\Cache), false)
 5 FCPATH\index.php(79): CodeIgniter\CodeIgniter->run()
 6 SYSTEMPATH\Commands\Server\rewrite.php(47): require_once('C:\\xampp\\htdocs\\sneaky_shoes\\public\\index.php')
CRITICAL - 2023-12-04 21:34:07 --> Undefined variable $data
in APPPATH\Controllers\Sneaker.php on line 56.
 1 APPPATH\Controllers\Sneaker.php(56): CodeIgniter\Debug\Exceptions->errorHandler(2, 'Undefined variable $data', 'C:\\xampp\\htdocs\\sneaky_shoes\\app\\Controllers\\Sneaker.php', 56)
 2 SYSTEMPATH\CodeIgniter.php(942): App\Controllers\Sneaker->agregar()
 3 SYSTEMPATH\CodeIgniter.php(502): CodeIgniter\CodeIgniter->runController(Object(App\Controllers\Sneaker))
 4 SYSTEMPATH\CodeIgniter.php(361): CodeIgniter\CodeIgniter->handleRequest(null, Object(Config\Cache), false)
 5 FCPATH\index.php(79): CodeIgniter\CodeIgniter->run()
 6 SYSTEMPATH\Commands\Server\rewrite.php(47): require_once('C:\\xampp\\htdocs\\sneaky_shoes\\public\\index.php')
CRITICAL - 2023-12-04 22:20:16 --> Undefined variable $sneaker
in APPPATH\Views\sneaker\editar.php on line 8.
 1 APPPATH\Views\sneaker\editar.php(8): CodeIgniter\Debug\Exceptions->errorHandler(2, 'Undefined variable $sneaker', 'C:\\xampp\\htdocs\\sneaky_shoes\\app\\Views\\sneaker\\editar.php', 8)
 2 SYSTEMPATH\View\View.php(228): include('C:\\xampp\\htdocs\\sneaky_shoes\\app\\Views\\sneaker\\editar.php')
 3 SYSTEMPATH\View\View.php(231): CodeIgniter\View\View->CodeIgniter\View\{closure}()
 4 SYSTEMPATH\Common.php(1190): CodeIgniter\View\View->render('sneaker/editar', [], true)
 5 APPPATH\Controllers\Sneaker.php(97): view('sneaker/editar', [...])
 6 SYSTEMPATH\CodeIgniter.php(942): App\Controllers\Sneaker->editar('1')
 7 SYSTEMPATH\CodeIgniter.php(502): CodeIgniter\CodeIgniter->runController(Object(App\Controllers\Sneaker))
 8 SYSTEMPATH\CodeIgniter.php(361): CodeIgniter\CodeIgniter->handleRequest(null, Object(Config\Cache), false)
 9 FCPATH\index.php(79): CodeIgniter\CodeIgniter->run()
10 SYSTEMPATH\Commands\Server\rewrite.php(47): require_once('C:\\xampp\\htdocs\\sneaky_shoes\\public\\index.php')
CRITICAL - 2023-12-04 22:21:02 --> Undefined variable $sneaker
in APPPATH\Views\sneaker\editar.php on line 13.
 1 APPPATH\Views\sneaker\editar.php(13): CodeIgniter\Debug\Exceptions->errorHandler(2, 'Undefined variable $sneaker', 'C:\\xampp\\htdocs\\sneaky_shoes\\app\\Views\\sneaker\\editar.php', 13)
 2 SYSTEMPATH\View\View.php(228): include('C:\\xampp\\htdocs\\sneaky_shoes\\app\\Views\\sneaker\\editar.php')
 3 SYSTEMPATH\View\View.php(231): CodeIgniter\View\View->CodeIgniter\View\{closure}()
 4 SYSTEMPATH\Common.php(1190): CodeIgniter\View\View->render('sneaker/editar', [], true)
 5 APPPATH\Controllers\Sneaker.php(97): view('sneaker/editar', [...])
 6 SYSTEMPATH\CodeIgniter.php(942): App\Controllers\Sneaker->editar('1')
 7 SYSTEMPATH\CodeIgniter.php(502): CodeIgniter\CodeIgniter->runController(Object(App\Controllers\Sneaker))
 8 SYSTEMPATH\CodeIgniter.php(361): CodeIgniter\CodeIgniter->handleRequest(null, Object(Config\Cache), false)
 9 FCPATH\index.php(79): CodeIgniter\CodeIgniter->run()
10 SYSTEMPATH\Commands\Server\rewrite.php(47): require_once('C:\\xampp\\htdocs\\sneaky_shoes\\public\\index.php')
CRITICAL - 2023-12-04 22:28:43 --> Undefined constant "App\Controllers\this"
in APPPATH\Controllers\Sneaker.php on line 62.
 1 SYSTEMPATH\CodeIgniter.php(942): App\Controllers\Sneaker->agregar()
 2 SYSTEMPATH\CodeIgniter.php(502): CodeIgniter\CodeIgniter->runController(Object(App\Controllers\Sneaker))
 3 SYSTEMPATH\CodeIgniter.php(361): CodeIgniter\CodeIgniter->handleRequest(null, Object(Config\Cache), false)
 4 FCPATH\index.php(79): CodeIgniter\CodeIgniter->run()
 5 SYSTEMPATH\Commands\Server\rewrite.php(47): require_once('C:\\xampp\\htdocs\\sneaky_shoes\\public\\index.php')
CRITICAL - 2023-12-04 22:35:23 --> Undefined constant "App\Controllers\this"
in APPPATH\Controllers\Sneaker.php on line 62.
 1 SYSTEMPATH\CodeIgniter.php(942): App\Controllers\Sneaker->agregar()
 2 SYSTEMPATH\CodeIgniter.php(502): CodeIgniter\CodeIgniter->runController(Object(App\Controllers\Sneaker))
 3 SYSTEMPATH\CodeIgniter.php(361): CodeIgniter\CodeIgniter->handleRequest(null, Object(Config\Cache), false)
 4 FCPATH\index.php(79): CodeIgniter\CodeIgniter->run()
 5 SYSTEMPATH\Commands\Server\rewrite.php(47): require_once('C:\\xampp\\htdocs\\sneaky_shoes\\public\\index.php')
CRITICAL - 2023-12-04 22:38:38 --> Undefined constant "App\Controllers\this"
in APPPATH\Controllers\Sneaker.php on line 60.
 1 SYSTEMPATH\CodeIgniter.php(942): App\Controllers\Sneaker->agregar()
 2 SYSTEMPATH\CodeIgniter.php(502): CodeIgniter\CodeIgniter->runController(Object(App\Controllers\Sneaker))
 3 SYSTEMPATH\CodeIgniter.php(361): CodeIgniter\CodeIgniter->handleRequest(null, Object(Config\Cache), false)
 4 FCPATH\index.php(79): CodeIgniter\CodeIgniter->run()
 5 SYSTEMPATH\Commands\Server\rewrite.php(47): require_once('C:\\xampp\\htdocs\\sneaky_shoes\\public\\index.php')
CRITICAL - 2023-12-04 22:39:20 --> Undefined constant "App\Controllers\this"
in APPPATH\Controllers\Sneaker.php on line 60.
 1 SYSTEMPATH\CodeIgniter.php(942): App\Controllers\Sneaker->agregar()
 2 SYSTEMPATH\CodeIgniter.php(502): CodeIgniter\CodeIgniter->runController(Object(App\Controllers\Sneaker))
 3 SYSTEMPATH\CodeIgniter.php(361): CodeIgniter\CodeIgniter->handleRequest(null, Object(Config\Cache), false)
 4 FCPATH\index.php(79): CodeIgniter\CodeIgniter->run()
 5 SYSTEMPATH\Commands\Server\rewrite.php(47): require_once('C:\\xampp\\htdocs\\sneaky_shoes\\public\\index.php')
CRITICAL - 2023-12-04 22:42:35 --> Undefined constant "App\Controllers\this"
in APPPATH\Controllers\Sneaker.php on line 60.
 1 SYSTEMPATH\CodeIgniter.php(942): App\Controllers\Sneaker->agregar()
 2 SYSTEMPATH\CodeIgniter.php(502): CodeIgniter\CodeIgniter->runController(Object(App\Controllers\Sneaker))
 3 SYSTEMPATH\CodeIgniter.php(361): CodeIgniter\CodeIgniter->handleRequest(null, Object(Config\Cache), false)
 4 FCPATH\index.php(79): CodeIgniter\CodeIgniter->run()
 5 SYSTEMPATH\Commands\Server\rewrite.php(47): require_once('C:\\xampp\\htdocs\\sneaky_shoes\\public\\index.php')
CRITICAL - 2023-12-04 22:42:38 --> Undefined constant "App\Controllers\this"
in APPPATH\Controllers\Sneaker.php on line 60.
 1 SYSTEMPATH\CodeIgniter.php(942): App\Controllers\Sneaker->agregar()
 2 SYSTEMPATH\CodeIgniter.php(502): CodeIgniter\CodeIgniter->runController(Object(App\Controllers\Sneaker))
 3 SYSTEMPATH\CodeIgniter.php(361): CodeIgniter\CodeIgniter->handleRequest(null, Object(Config\Cache), false)
 4 FCPATH\index.php(79): CodeIgniter\CodeIgniter->run()
 5 SYSTEMPATH\Commands\Server\rewrite.php(47): require_once('C:\\xampp\\htdocs\\sneaky_shoes\\public\\index.php')
CRITICAL - 2023-12-04 22:44:27 --> Undefined constant "App\Controllers\this"
in APPPATH\Controllers\Sneaker.php on line 58.
 1 SYSTEMPATH\CodeIgniter.php(942): App\Controllers\Sneaker->agregar()
 2 SYSTEMPATH\CodeIgniter.php(502): CodeIgniter\CodeIgniter->runController(Object(App\Controllers\Sneaker))
 3 SYSTEMPATH\CodeIgniter.php(361): CodeIgniter\CodeIgniter->handleRequest(null, Object(Config\Cache), false)
 4 FCPATH\index.php(79): CodeIgniter\CodeIgniter->run()
 5 SYSTEMPATH\Commands\Server\rewrite.php(47): require_once('C:\\xampp\\htdocs\\sneaky_shoes\\public\\index.php')
CRITICAL - 2023-12-04 22:45:16 --> Undefined constant "App\Controllers\this"
in APPPATH\Controllers\Sneaker.php on line 58.
 1 SYSTEMPATH\CodeIgniter.php(942): App\Controllers\Sneaker->agregar()
 2 SYSTEMPATH\CodeIgniter.php(502): CodeIgniter\CodeIgniter->runController(Object(App\Controllers\Sneaker))
 3 SYSTEMPATH\CodeIgniter.php(361): CodeIgniter\CodeIgniter->handleRequest(null, Object(Config\Cache), false)
 4 FCPATH\index.php(79): CodeIgniter\CodeIgniter->run()
 5 SYSTEMPATH\Commands\Server\rewrite.php(47): require_once('C:\\xampp\\htdocs\\sneaky_shoes\\public\\index.php')
CRITICAL - 2023-12-04 22:45:46 --> Undefined constant "App\Controllers\this"
in APPPATH\Controllers\Sneaker.php on line 58.
 1 SYSTEMPATH\CodeIgniter.php(942): App\Controllers\Sneaker->agregar()
 2 SYSTEMPATH\CodeIgniter.php(502): CodeIgniter\CodeIgniter->runController(Object(App\Controllers\Sneaker))
 3 SYSTEMPATH\CodeIgniter.php(361): CodeIgniter\CodeIgniter->handleRequest(null, Object(Config\Cache), false)
 4 FCPATH\index.php(79): CodeIgniter\CodeIgniter->run()
 5 SYSTEMPATH\Commands\Server\rewrite.php(47): require_once('C:\\xampp\\htdocs\\sneaky_shoes\\public\\index.php')
CRITICAL - 2023-12-04 22:47:12 --> Undefined constant "App\Controllers\this"
in APPPATH\Controllers\Sneaker.php on line 58.
 1 SYSTEMPATH\CodeIgniter.php(942): App\Controllers\Sneaker->agregar()
 2 SYSTEMPATH\CodeIgniter.php(502): CodeIgniter\CodeIgniter->runController(Object(App\Controllers\Sneaker))
 3 SYSTEMPATH\CodeIgniter.php(361): CodeIgniter\CodeIgniter->handleRequest(null, Object(Config\Cache), false)
 4 FCPATH\index.php(79): CodeIgniter\CodeIgniter->run()
 5 SYSTEMPATH\Commands\Server\rewrite.php(47): require_once('C:\\xampp\\htdocs\\sneaky_shoes\\public\\index.php')
CRITICAL - 2023-12-04 22:49:03 --> Undefined constant "App\Controllers\this"
in APPPATH\Controllers\Sneaker.php on line 58.
 1 SYSTEMPATH\CodeIgniter.php(942): App\Controllers\Sneaker->agregar()
 2 SYSTEMPATH\CodeIgniter.php(502): CodeIgniter\CodeIgniter->runController(Object(App\Controllers\Sneaker))
 3 SYSTEMPATH\CodeIgniter.php(361): CodeIgniter\CodeIgniter->handleRequest(null, Object(Config\Cache), false)
 4 FCPATH\index.php(79): CodeIgniter\CodeIgniter->run()
 5 SYSTEMPATH\Commands\Server\rewrite.php(47): require_once('C:\\xampp\\htdocs\\sneaky_shoes\\public\\index.php')
