CRITICAL - 2023-12-07 18:08:53 --> Invalid file: "navigation_view.php"
in SYSTEMPATH\Exceptions\FrameworkException.php on line 39.
 1 SYSTEMPATH\View\View.php(216): CodeIgniter\Exceptions\FrameworkException::forInvalidFile('navigation_view.php')
 2 SYSTEMPATH\Common.php(1190): CodeIgniter\View\View->render('navigation_view', [], true)
 3 APPPATH\Controllers\NavigationController.php(11): view('navigation_view')
 4 SYSTEMPATH\CodeIgniter.php(942): App\Controllers\NavigationController->index()
 5 SYSTEMPATH\CodeIgniter.php(502): CodeIgniter\CodeIgniter->runController(Object(App\Controllers\NavigationController))
 6 SYSTEMPATH\CodeIgniter.php(361): CodeIgniter\CodeIgniter->handleRequest(null, Object(Config\Cache), false)
 7 FCPATH\index.php(79): CodeIgniter\CodeIgniter->run()
 8 SYSTEMPATH\Commands\Server\rewrite.php(47): require_once('C:\\xampp\\htdocs\\sneaky_shoes\\public\\index.php')
CRITICAL - 2023-12-07 20:20:09 --> Undefined property: stdClass::$imagen
in APPPATH\Views\tenis.php on line 74.
 1 APPPATH\Views\tenis.php(74): CodeIgniter\Debug\Exceptions->errorHandler(2, 'Undefined property: stdClass::$imagen', 'C:\\xampp\\htdocs\\sneaky_shoes\\app\\Views\\tenis.php', 74)
 2 SYSTEMPATH\View\View.php(228): include('C:\\xampp\\htdocs\\sneaky_shoes\\app\\Views\\tenis.php')
 3 SYSTEMPATH\View\View.php(231): CodeIgniter\View\View->CodeIgniter\View\{closure}()
 4 SYSTEMPATH\Common.php(1190): CodeIgniter\View\View->render('tenis', [], true)
 5 APPPATH\Controllers\Designus.php(22): view('tenis', [...])
 6 SYSTEMPATH\CodeIgniter.php(942): App\Controllers\Designus->mostrarSneakers()
 7 SYSTEMPATH\CodeIgniter.php(502): CodeIgniter\CodeIgniter->runController(Object(App\Controllers\Designus))
 8 SYSTEMPATH\CodeIgniter.php(361): CodeIgniter\CodeIgniter->handleRequest(null, Object(Config\Cache), false)
 9 FCPATH\index.php(79): CodeIgniter\CodeIgniter->run()
10 SYSTEMPATH\Commands\Server\rewrite.php(47): require_once('C:\\xampp\\htdocs\\sneaky_shoes\\public\\index.php')
CRITICAL - 2023-12-07 20:48:26 --> Invalid file: "marca.php"
in SYSTEMPATH\Exceptions\FrameworkException.php on line 39.
 1 SYSTEMPATH\View\View.php(216): CodeIgniter\Exceptions\FrameworkException::forInvalidFile('marca.php')
 2 SYSTEMPATH\Common.php(1190): CodeIgniter\View\View->render('marca', [], true)
 3 APPPATH\Controllers\Designus.php(38): view('marca', [...])
 4 SYSTEMPATH\CodeIgniter.php(942): App\Controllers\Designus->mostrarMarcas()
 5 SYSTEMPATH\CodeIgniter.php(502): CodeIgniter\CodeIgniter->runController(Object(App\Controllers\Designus))
 6 SYSTEMPATH\CodeIgniter.php(361): CodeIgniter\CodeIgniter->handleRequest(null, Object(Config\Cache), false)
 7 FCPATH\index.php(79): CodeIgniter\CodeIgniter->run()
 8 SYSTEMPATH\Commands\Server\rewrite.php(47): require_once('C:\\xampp\\htdocs\\sneaky_shoes\\public\\index.php')
CRITICAL - 2023-12-07 20:48:56 --> Invalid file: "Marca.php"
in SYSTEMPATH\Exceptions\FrameworkException.php on line 39.
 1 SYSTEMPATH\View\View.php(216): CodeIgniter\Exceptions\FrameworkException::forInvalidFile('Marca.php')
 2 SYSTEMPATH\Common.php(1190): CodeIgniter\View\View->render('Marca', [], true)
 3 APPPATH\Controllers\Designus.php(38): view('Marca', [...])
 4 SYSTEMPATH\CodeIgniter.php(942): App\Controllers\Designus->mostrarMarcas()
 5 SYSTEMPATH\CodeIgniter.php(502): CodeIgniter\CodeIgniter->runController(Object(App\Controllers\Designus))
 6 SYSTEMPATH\CodeIgniter.php(361): CodeIgniter\CodeIgniter->handleRequest(null, Object(Config\Cache), false)
 7 FCPATH\index.php(79): CodeIgniter\CodeIgniter->run()
 8 SYSTEMPATH\Commands\Server\rewrite.php(47): require_once('C:\\xampp\\htdocs\\sneaky_shoes\\public\\index.php')
CRITICAL - 2023-12-07 20:55:31 --> Undefined variable $sneakers
in APPPATH\Views\marcas.php on line 81.
 1 APPPATH\Views\marcas.php(81): CodeIgniter\Debug\Exceptions->errorHandler(2, 'Undefined variable $sneakers', 'C:\\xampp\\htdocs\\sneaky_shoes\\app\\Views\\marcas.php', 81)
 2 SYSTEMPATH\View\View.php(228): include('C:\\xampp\\htdocs\\sneaky_shoes\\app\\Views\\marcas.php')
 3 SYSTEMPATH\View\View.php(231): CodeIgniter\View\View->CodeIgniter\View\{closure}()
 4 SYSTEMPATH\Common.php(1190): CodeIgniter\View\View->render('marcas', [], true)
 5 APPPATH\Controllers\Designus.php(38): view('marcas', [...])
 6 SYSTEMPATH\CodeIgniter.php(942): App\Controllers\Designus->mostrarMarcas()
 7 SYSTEMPATH\CodeIgniter.php(502): CodeIgniter\CodeIgniter->runController(Object(App\Controllers\Designus))
 8 SYSTEMPATH\CodeIgniter.php(361): CodeIgniter\CodeIgniter->handleRequest(null, Object(Config\Cache), false)
 9 FCPATH\index.php(79): CodeIgniter\CodeIgniter->run()
10 SYSTEMPATH\Commands\Server\rewrite.php(47): require_once('C:\\xampp\\htdocs\\sneaky_shoes\\public\\index.php')
CRITICAL - 2023-12-07 20:58:14 --> Undefined property: stdClass::$estado_origean
in APPPATH\Views\marcas.php on line 84.
 1 APPPATH\Views\marcas.php(84): CodeIgniter\Debug\Exceptions->errorHandler(2, 'Undefined property: stdClass::$estado_origean', 'C:\\xampp\\htdocs\\sneaky_shoes\\app\\Views\\marcas.php', 84)
 2 SYSTEMPATH\View\View.php(228): include('C:\\xampp\\htdocs\\sneaky_shoes\\app\\Views\\marcas.php')
 3 SYSTEMPATH\View\View.php(231): CodeIgniter\View\View->CodeIgniter\View\{closure}()
 4 SYSTEMPATH\Common.php(1190): CodeIgniter\View\View->render('marcas', [], true)
 5 APPPATH\Controllers\Designus.php(38): view('marcas', [...])
 6 SYSTEMPATH\CodeIgniter.php(942): App\Controllers\Designus->mostrarMarcas()
 7 SYSTEMPATH\CodeIgniter.php(502): CodeIgniter\CodeIgniter->runController(Object(App\Controllers\Designus))
 8 SYSTEMPATH\CodeIgniter.php(361): CodeIgniter\CodeIgniter->handleRequest(null, Object(Config\Cache), false)
 9 FCPATH\index.php(79): CodeIgniter\CodeIgniter->run()
10 SYSTEMPATH\Commands\Server\rewrite.php(47): require_once('C:\\xampp\\htdocs\\sneaky_shoes\\public\\index.php')
