CRITICAL - 2023-12-05 05:57:30 --> Undefined constant "App\Controllers\this"
in APPPATH\Controllers\Sneaker.php on line 58.
 1 SYSTEMPATH\CodeIgniter.php(942): App\Controllers\Sneaker->agregar()
 2 SYSTEMPATH\CodeIgniter.php(502): CodeIgniter\CodeIgniter->runController(Object(App\Controllers\Sneaker))
 3 SYSTEMPATH\CodeIgniter.php(361): CodeIgniter\CodeIgniter->handleRequest(null, Object(Config\Cache), false)
 4 FCPATH\index.php(79): CodeIgniter\CodeIgniter->run()
 5 SYSTEMPATH\Commands\Server\rewrite.php(47): require_once('C:\\xampp\\htdocs\\sneaky_shoes\\public\\index.php')
CRITICAL - 2023-12-05 05:57:59 --> Undefined constant "App\Controllers\this"
in APPPATH\Controllers\Sneaker.php on line 58.
 1 SYSTEMPATH\CodeIgniter.php(942): App\Controllers\Sneaker->agregar()
 2 SYSTEMPATH\CodeIgniter.php(502): CodeIgniter\CodeIgniter->runController(Object(App\Controllers\Sneaker))
 3 SYSTEMPATH\CodeIgniter.php(361): CodeIgniter\CodeIgniter->handleRequest(null, Object(Config\Cache), false)
 4 FCPATH\index.php(79): CodeIgniter\CodeIgniter->run()
 5 SYSTEMPATH\Commands\Server\rewrite.php(47): require_once('C:\\xampp\\htdocs\\sneaky_shoes\\public\\index.php')
ERROR - 2023-12-05 05:59:46 --> mysqli_sql_exception: Duplicate entry '0' for key 'PRIMARY' in C:\xampp\htdocs\sneaky_shoes\system\Database\MySQLi\Connection.php:306
Stack trace:
#0 C:\xampp\htdocs\sneaky_shoes\system\Database\MySQLi\Connection.php(306): mysqli->query('INSERT INTO `sn...', 0)
#1 C:\xampp\htdocs\sneaky_shoes\system\Database\BaseConnection.php(693): CodeIgniter\Database\MySQLi\Connection->execute('INSERT INTO `sn...')
#2 C:\xampp\htdocs\sneaky_shoes\system\Database\BaseConnection.php(607): CodeIgniter\Database\BaseConnection->simpleQuery('INSERT INTO `sn...')
#3 C:\xampp\htdocs\sneaky_shoes\system\Database\BaseBuilder.php(2308): CodeIgniter\Database\BaseConnection->query('INSERT INTO `sn...', Array, false)
#4 C:\xampp\htdocs\sneaky_shoes\system\Model.php(319): CodeIgniter\Database\BaseBuilder->insert()
#5 C:\xampp\htdocs\sneaky_shoes\system\BaseModel.php(788): CodeIgniter\Model->doInsert(Array)
#6 C:\xampp\htdocs\sneaky_shoes\system\Model.php(715): CodeIgniter\BaseModel->insert(Array, false)
#7 C:\xampp\htdocs\sneaky_shoes\app\Controllers\Sneaker.php(74): CodeIgniter\Model->insert(Array, false)
#8 C:\xampp\htdocs\sneaky_shoes\app\Controllers\Sneaker.php(58): App\Controllers\Sneaker->insert()
#9 C:\xampp\htdocs\sneaky_shoes\system\CodeIgniter.php(942): App\Controllers\Sneaker->agregar()
#10 C:\xampp\htdocs\sneaky_shoes\system\CodeIgniter.php(502): CodeIgniter\CodeIgniter->runController(Object(App\Controllers\Sneaker))
#11 C:\xampp\htdocs\sneaky_shoes\system\CodeIgniter.php(361): CodeIgniter\CodeIgniter->handleRequest(NULL, Object(Config\Cache), false)
#12 C:\xampp\htdocs\sneaky_shoes\public\index.php(79): CodeIgniter\CodeIgniter->run()
#13 C:\xampp\htdocs\sneaky_shoes\system\Commands\Server\rewrite.php(47): require_once('C:\\xampp\\htdocs...')
#14 {main}
CRITICAL - 2023-12-05 05:59:46 --> Duplicate entry '0' for key 'PRIMARY'
in SYSTEMPATH\Database\BaseConnection.php on line 647.
 1 SYSTEMPATH\Database\BaseBuilder.php(2308): CodeIgniter\Database\BaseConnection->query('INSERT INTO `sneakers` (`nombre_sneaker`, `categoria`, `descripcion`, `status`, `stock`) VALUES (:nombre_sneaker:, :categoria:, :descripcion:, :status:, :stock:)', [...], false)
 2 SYSTEMPATH\Model.php(319): CodeIgniter\Database\BaseBuilder->insert()
 3 SYSTEMPATH\BaseModel.php(788): CodeIgniter\Model->doInsert([...])
 4 SYSTEMPATH\Model.php(715): CodeIgniter\BaseModel->insert([...], false)
 5 APPPATH\Controllers\Sneaker.php(74): CodeIgniter\Model->insert([...], false)
 6 APPPATH\Controllers\Sneaker.php(58): App\Controllers\Sneaker->insert()
 7 SYSTEMPATH\CodeIgniter.php(942): App\Controllers\Sneaker->agregar()
 8 SYSTEMPATH\CodeIgniter.php(502): CodeIgniter\CodeIgniter->runController(Object(App\Controllers\Sneaker))
 9 SYSTEMPATH\CodeIgniter.php(361): CodeIgniter\CodeIgniter->handleRequest(null, Object(Config\Cache), false)
10 FCPATH\index.php(79): CodeIgniter\CodeIgniter->run()
11 SYSTEMPATH\Commands\Server\rewrite.php(47): require_once('C:\\xampp\\htdocs\\sneaky_shoes\\public\\index.php')
CRITICAL - 2023-12-05 14:24:04 --> Undefined variable $marca
in APPPATH\Views\marca\mostrar.php on line 15.
 1 APPPATH\Views\marca\mostrar.php(15): CodeIgniter\Debug\Exceptions->errorHandler(2, 'Undefined variable $marca', 'C:\\xampp\\htdocs\\sneaky_shoes\\app\\Views\\marca\\mostrar.php', 15)
 2 SYSTEMPATH\View\View.php(228): include('C:\\xampp\\htdocs\\sneaky_shoes\\app\\Views\\marca\\mostrar.php')
 3 SYSTEMPATH\View\View.php(231): CodeIgniter\View\View->CodeIgniter\View\{closure}()
 4 SYSTEMPATH\Common.php(1190): CodeIgniter\View\View->render('marca/mostrar', [], true)
 5 APPPATH\Controllers\Marca.php(29): view('marca/mostrar', [...])
 6 SYSTEMPATH\CodeIgniter.php(942): App\Controllers\Marca->mostrar()
 7 SYSTEMPATH\CodeIgniter.php(502): CodeIgniter\CodeIgniter->runController(Object(App\Controllers\Marca))
 8 SYSTEMPATH\CodeIgniter.php(361): CodeIgniter\CodeIgniter->handleRequest(null, Object(Config\Cache), false)
 9 FCPATH\index.php(79): CodeIgniter\CodeIgniter->run()
10 SYSTEMPATH\Commands\Server\rewrite.php(47): require_once('C:\\xampp\\htdocs\\sneaky_shoes\\public\\index.php')
CRITICAL - 2023-12-05 14:24:44 --> Undefined variable $marcas
in APPPATH\Views\marca\mostrar.php on line 15.
 1 APPPATH\Views\marca\mostrar.php(15): CodeIgniter\Debug\Exceptions->errorHandler(2, 'Undefined variable $marcas', 'C:\\xampp\\htdocs\\sneaky_shoes\\app\\Views\\marca\\mostrar.php', 15)
 2 SYSTEMPATH\View\View.php(228): include('C:\\xampp\\htdocs\\sneaky_shoes\\app\\Views\\marca\\mostrar.php')
 3 SYSTEMPATH\View\View.php(231): CodeIgniter\View\View->CodeIgniter\View\{closure}()
 4 SYSTEMPATH\Common.php(1190): CodeIgniter\View\View->render('marca/mostrar', [], true)
 5 APPPATH\Controllers\Marca.php(29): view('marca/mostrar', [...])
 6 SYSTEMPATH\CodeIgniter.php(942): App\Controllers\Marca->mostrar()
 7 SYSTEMPATH\CodeIgniter.php(502): CodeIgniter\CodeIgniter->runController(Object(App\Controllers\Marca))
 8 SYSTEMPATH\CodeIgniter.php(361): CodeIgniter\CodeIgniter->handleRequest(null, Object(Config\Cache), false)
 9 FCPATH\index.php(79): CodeIgniter\CodeIgniter->run()
10 SYSTEMPATH\Commands\Server\rewrite.php(47): require_once('C:\\xampp\\htdocs\\sneaky_shoes\\public\\index.php')
CRITICAL - 2023-12-05 14:25:15 --> Undefined variable $marcas
in APPPATH\Views\marca\mostrar.php on line 15.
 1 APPPATH\Views\marca\mostrar.php(15): CodeIgniter\Debug\Exceptions->errorHandler(2, 'Undefined variable $marcas', 'C:\\xampp\\htdocs\\sneaky_shoes\\app\\Views\\marca\\mostrar.php', 15)
 2 SYSTEMPATH\View\View.php(228): include('C:\\xampp\\htdocs\\sneaky_shoes\\app\\Views\\marca\\mostrar.php')
 3 SYSTEMPATH\View\View.php(231): CodeIgniter\View\View->CodeIgniter\View\{closure}()
 4 SYSTEMPATH\Common.php(1190): CodeIgniter\View\View->render('marca/mostrar', [], true)
 5 APPPATH\Controllers\Marca.php(29): view('marca/mostrar', [...])
 6 SYSTEMPATH\CodeIgniter.php(942): App\Controllers\Marca->mostrar()
 7 SYSTEMPATH\CodeIgniter.php(502): CodeIgniter\CodeIgniter->runController(Object(App\Controllers\Marca))
 8 SYSTEMPATH\CodeIgniter.php(361): CodeIgniter\CodeIgniter->handleRequest(null, Object(Config\Cache), false)
 9 FCPATH\index.php(79): CodeIgniter\CodeIgniter->run()
10 SYSTEMPATH\Commands\Server\rewrite.php(47): require_once('C:\\xampp\\htdocs\\sneaky_shoes\\public\\index.php')
CRITICAL - 2023-12-05 14:26:14 --> Undefined property: stdClass::$status
in APPPATH\Views\marca\editar.php on line 31.
 1 APPPATH\Views\marca\editar.php(31): CodeIgniter\Debug\Exceptions->errorHandler(2, 'Undefined property: stdClass::$status', 'C:\\xampp\\htdocs\\sneaky_shoes\\app\\Views\\marca\\editar.php', 31)
 2 SYSTEMPATH\View\View.php(228): include('C:\\xampp\\htdocs\\sneaky_shoes\\app\\Views\\marca\\editar.php')
 3 SYSTEMPATH\View\View.php(231): CodeIgniter\View\View->CodeIgniter\View\{closure}()
 4 SYSTEMPATH\Common.php(1190): CodeIgniter\View\View->render('marca/editar', [], true)
 5 APPPATH\Controllers\Marca.php(91): view('marca/editar', [...])
 6 SYSTEMPATH\CodeIgniter.php(942): App\Controllers\Marca->editar('1')
 7 SYSTEMPATH\CodeIgniter.php(502): CodeIgniter\CodeIgniter->runController(Object(App\Controllers\Marca))
 8 SYSTEMPATH\CodeIgniter.php(361): CodeIgniter\CodeIgniter->handleRequest(null, Object(Config\Cache), false)
 9 FCPATH\index.php(79): CodeIgniter\CodeIgniter->run()
10 SYSTEMPATH\Commands\Server\rewrite.php(47): require_once('C:\\xampp\\htdocs\\sneaky_shoes\\public\\index.php')
CRITICAL - 2023-12-05 14:26:43 --> Undefined variable $MarcaSneakers
in APPPATH\Views\marca\editar.php on line 31.
 1 APPPATH\Views\marca\editar.php(31): CodeIgniter\Debug\Exceptions->errorHandler(2, 'Undefined variable $MarcaSneakers', 'C:\\xampp\\htdocs\\sneaky_shoes\\app\\Views\\marca\\editar.php', 31)
 2 SYSTEMPATH\View\View.php(228): include('C:\\xampp\\htdocs\\sneaky_shoes\\app\\Views\\marca\\editar.php')
 3 SYSTEMPATH\View\View.php(231): CodeIgniter\View\View->CodeIgniter\View\{closure}()
 4 SYSTEMPATH\Common.php(1190): CodeIgniter\View\View->render('marca/editar', [], true)
 5 APPPATH\Controllers\Marca.php(91): view('marca/editar', [...])
 6 SYSTEMPATH\CodeIgniter.php(942): App\Controllers\Marca->editar('1')
 7 SYSTEMPATH\CodeIgniter.php(502): CodeIgniter\CodeIgniter->runController(Object(App\Controllers\Marca))
 8 SYSTEMPATH\CodeIgniter.php(361): CodeIgniter\CodeIgniter->handleRequest(null, Object(Config\Cache), false)
 9 FCPATH\index.php(79): CodeIgniter\CodeIgniter->run()
10 SYSTEMPATH\Commands\Server\rewrite.php(47): require_once('C:\\xampp\\htdocs\\sneaky_shoes\\public\\index.php')
CRITICAL - 2023-12-05 14:26:46 --> Undefined variable $MarcaSneakers
in APPPATH\Views\marca\editar.php on line 31.
 1 APPPATH\Views\marca\editar.php(31): CodeIgniter\Debug\Exceptions->errorHandler(2, 'Undefined variable $MarcaSneakers', 'C:\\xampp\\htdocs\\sneaky_shoes\\app\\Views\\marca\\editar.php', 31)
 2 SYSTEMPATH\View\View.php(228): include('C:\\xampp\\htdocs\\sneaky_shoes\\app\\Views\\marca\\editar.php')
 3 SYSTEMPATH\View\View.php(231): CodeIgniter\View\View->CodeIgniter\View\{closure}()
 4 SYSTEMPATH\Common.php(1190): CodeIgniter\View\View->render('marca/editar', [], true)
 5 APPPATH\Controllers\Marca.php(91): view('marca/editar', [...])
 6 SYSTEMPATH\CodeIgniter.php(942): App\Controllers\Marca->editar('1')
 7 SYSTEMPATH\CodeIgniter.php(502): CodeIgniter\CodeIgniter->runController(Object(App\Controllers\Marca))
 8 SYSTEMPATH\CodeIgniter.php(361): CodeIgniter\CodeIgniter->handleRequest(null, Object(Config\Cache), false)
 9 FCPATH\index.php(79): CodeIgniter\CodeIgniter->run()
10 SYSTEMPATH\Commands\Server\rewrite.php(47): require_once('C:\\xampp\\htdocs\\sneaky_shoes\\public\\index.php')
CRITICAL - 2023-12-05 14:26:51 --> Undefined property: stdClass::$status
in APPPATH\Views\marca\editar.php on line 31.
 1 APPPATH\Views\marca\editar.php(31): CodeIgniter\Debug\Exceptions->errorHandler(2, 'Undefined property: stdClass::$status', 'C:\\xampp\\htdocs\\sneaky_shoes\\app\\Views\\marca\\editar.php', 31)
 2 SYSTEMPATH\View\View.php(228): include('C:\\xampp\\htdocs\\sneaky_shoes\\app\\Views\\marca\\editar.php')
 3 SYSTEMPATH\View\View.php(231): CodeIgniter\View\View->CodeIgniter\View\{closure}()
 4 SYSTEMPATH\Common.php(1190): CodeIgniter\View\View->render('marca/editar', [], true)
 5 APPPATH\Controllers\Marca.php(91): view('marca/editar', [...])
 6 SYSTEMPATH\CodeIgniter.php(942): App\Controllers\Marca->editar('1')
 7 SYSTEMPATH\CodeIgniter.php(502): CodeIgniter\CodeIgniter->runController(Object(App\Controllers\Marca))
 8 SYSTEMPATH\CodeIgniter.php(361): CodeIgniter\CodeIgniter->handleRequest(null, Object(Config\Cache), false)
 9 FCPATH\index.php(79): CodeIgniter\CodeIgniter->run()
10 SYSTEMPATH\Commands\Server\rewrite.php(47): require_once('C:\\xampp\\htdocs\\sneaky_shoes\\public\\index.php')
CRITICAL - 2023-12-05 17:16:23 --> Undefined property: stdClass::$nombre_fundacion
in APPPATH\Views\marca\mostrar.php on line 17.
 1 APPPATH\Views\marca\mostrar.php(17): CodeIgniter\Debug\Exceptions->errorHandler(2, 'Undefined property: stdClass::$nombre_fundacion', 'C:\\xampp\\htdocs\\sneaky_shoes\\app\\Views\\marca\\mostrar.php', 17)
 2 SYSTEMPATH\View\View.php(228): include('C:\\xampp\\htdocs\\sneaky_shoes\\app\\Views\\marca\\mostrar.php')
 3 SYSTEMPATH\View\View.php(231): CodeIgniter\View\View->CodeIgniter\View\{closure}()
 4 SYSTEMPATH\Common.php(1190): CodeIgniter\View\View->render('marca/mostrar', [], true)
 5 APPPATH\Controllers\Marca.php(29): view('marca/mostrar', [...])
 6 SYSTEMPATH\CodeIgniter.php(942): App\Controllers\Marca->mostrar()
 7 SYSTEMPATH\CodeIgniter.php(502): CodeIgniter\CodeIgniter->runController(Object(App\Controllers\Marca))
 8 SYSTEMPATH\CodeIgniter.php(361): CodeIgniter\CodeIgniter->handleRequest(null, Object(Config\Cache), false)
 9 FCPATH\index.php(79): CodeIgniter\CodeIgniter->run()
10 SYSTEMPATH\Commands\Server\rewrite.php(47): require_once('C:\\xampp\\htdocs\\sneaky_shoes\\public\\index.php')
CRITICAL - 2023-12-05 17:17:32 --> Undefined property: stdClass::$nombre_fundacion
in APPPATH\Views\marca\mostrar.php on line 17.
 1 APPPATH\Views\marca\mostrar.php(17): CodeIgniter\Debug\Exceptions->errorHandler(2, 'Undefined property: stdClass::$nombre_fundacion', 'C:\\xampp\\htdocs\\sneaky_shoes\\app\\Views\\marca\\mostrar.php', 17)
 2 SYSTEMPATH\View\View.php(228): include('C:\\xampp\\htdocs\\sneaky_shoes\\app\\Views\\marca\\mostrar.php')
 3 SYSTEMPATH\View\View.php(231): CodeIgniter\View\View->CodeIgniter\View\{closure}()
 4 SYSTEMPATH\Common.php(1190): CodeIgniter\View\View->render('marca/mostrar', [], true)
 5 APPPATH\Controllers\Marca.php(29): view('marca/mostrar', [...])
 6 SYSTEMPATH\CodeIgniter.php(942): App\Controllers\Marca->mostrar()
 7 SYSTEMPATH\CodeIgniter.php(502): CodeIgniter\CodeIgniter->runController(Object(App\Controllers\Marca))
 8 SYSTEMPATH\CodeIgniter.php(361): CodeIgniter\CodeIgniter->handleRequest(null, Object(Config\Cache), false)
 9 FCPATH\index.php(79): CodeIgniter\CodeIgniter->run()
10 SYSTEMPATH\Commands\Server\rewrite.php(47): require_once('C:\\xampp\\htdocs\\sneaky_shoes\\public\\index.php')
CRITICAL - 2023-12-05 17:24:37 --> Invalid file: "usuario/mostrar.php"
in SYSTEMPATH\Exceptions\FrameworkException.php on line 39.
 1 SYSTEMPATH\View\View.php(216): CodeIgniter\Exceptions\FrameworkException::forInvalidFile('usuario/mostrar.php')
 2 SYSTEMPATH\Common.php(1190): CodeIgniter\View\View->render('usuario/mostrar', [], true)
 3 APPPATH\Controllers\Usuario.php(29): view('usuario/mostrar', [...])
 4 SYSTEMPATH\CodeIgniter.php(942): App\Controllers\Usuario->mostrar()
 5 SYSTEMPATH\CodeIgniter.php(502): CodeIgniter\CodeIgniter->runController(Object(App\Controllers\Usuario))
 6 SYSTEMPATH\CodeIgniter.php(361): CodeIgniter\CodeIgniter->handleRequest(null, Object(Config\Cache), false)
 7 FCPATH\index.php(79): CodeIgniter\CodeIgniter->run()
 8 SYSTEMPATH\Commands\Server\rewrite.php(47): require_once('C:\\xampp\\htdocs\\sneaky_shoes\\public\\index.php')
CRITICAL - 2023-12-05 17:26:27 --> Invalid file: "usuario/mostrar.php"
in SYSTEMPATH\Exceptions\FrameworkException.php on line 39.
 1 SYSTEMPATH\View\View.php(216): CodeIgniter\Exceptions\FrameworkException::forInvalidFile('usuario/mostrar.php')
 2 SYSTEMPATH\Common.php(1190): CodeIgniter\View\View->render('usuario/mostrar', [], true)
 3 APPPATH\Controllers\Usuario.php(29): view('usuario/mostrar', [...])
 4 SYSTEMPATH\CodeIgniter.php(942): App\Controllers\Usuario->mostrar()
 5 SYSTEMPATH\CodeIgniter.php(502): CodeIgniter\CodeIgniter->runController(Object(App\Controllers\Usuario))
 6 SYSTEMPATH\CodeIgniter.php(361): CodeIgniter\CodeIgniter->handleRequest(null, Object(Config\Cache), false)
 7 FCPATH\index.php(79): CodeIgniter\CodeIgniter->run()
 8 SYSTEMPATH\Commands\Server\rewrite.php(47): require_once('C:\\xampp\\htdocs\\sneaky_shoes\\public\\index.php')
CRITICAL - 2023-12-05 17:28:38 --> Invalid file: "usuario/mostrar.php"
in SYSTEMPATH\Exceptions\FrameworkException.php on line 39.
 1 SYSTEMPATH\View\View.php(216): CodeIgniter\Exceptions\FrameworkException::forInvalidFile('usuario/mostrar.php')
 2 SYSTEMPATH\Common.php(1190): CodeIgniter\View\View->render('usuario/mostrar', [], true)
 3 APPPATH\Controllers\Usuario.php(29): view('usuario/mostrar', [...])
 4 SYSTEMPATH\CodeIgniter.php(942): App\Controllers\Usuario->mostrar()
 5 SYSTEMPATH\CodeIgniter.php(502): CodeIgniter\CodeIgniter->runController(Object(App\Controllers\Usuario))
 6 SYSTEMPATH\CodeIgniter.php(361): CodeIgniter\CodeIgniter->handleRequest(null, Object(Config\Cache), false)
 7 FCPATH\index.php(79): CodeIgniter\CodeIgniter->run()
 8 SYSTEMPATH\Commands\Server\rewrite.php(47): require_once('C:\\xampp\\htdocs\\sneaky_shoes\\public\\index.php')
CRITICAL - 2023-12-05 17:29:36 --> Invalid file: "usuario/mostrar.php"
in SYSTEMPATH\Exceptions\FrameworkException.php on line 39.
 1 SYSTEMPATH\View\View.php(216): CodeIgniter\Exceptions\FrameworkException::forInvalidFile('usuario/mostrar.php')
 2 SYSTEMPATH\Common.php(1190): CodeIgniter\View\View->render('usuario/mostrar', [], true)
 3 APPPATH\Controllers\Usuario.php(29): view('usuario/mostrar', [...])
 4 SYSTEMPATH\CodeIgniter.php(942): App\Controllers\Usuario->mostrar()
 5 SYSTEMPATH\CodeIgniter.php(502): CodeIgniter\CodeIgniter->runController(Object(App\Controllers\Usuario))
 6 SYSTEMPATH\CodeIgniter.php(361): CodeIgniter\CodeIgniter->handleRequest(null, Object(Config\Cache), false)
 7 FCPATH\index.php(79): CodeIgniter\CodeIgniter->run()
 8 SYSTEMPATH\Commands\Server\rewrite.php(47): require_once('C:\\xampp\\htdocs\\sneaky_shoes\\public\\index.php')
CRITICAL - 2023-12-05 17:29:37 --> Invalid file: "usuario/mostrar.php"
in SYSTEMPATH\Exceptions\FrameworkException.php on line 39.
 1 SYSTEMPATH\View\View.php(216): CodeIgniter\Exceptions\FrameworkException::forInvalidFile('usuario/mostrar.php')
 2 SYSTEMPATH\Common.php(1190): CodeIgniter\View\View->render('usuario/mostrar', [], true)
 3 APPPATH\Controllers\Usuario.php(29): view('usuario/mostrar', [...])
 4 SYSTEMPATH\CodeIgniter.php(942): App\Controllers\Usuario->mostrar()
 5 SYSTEMPATH\CodeIgniter.php(502): CodeIgniter\CodeIgniter->runController(Object(App\Controllers\Usuario))
 6 SYSTEMPATH\CodeIgniter.php(361): CodeIgniter\CodeIgniter->handleRequest(null, Object(Config\Cache), false)
 7 FCPATH\index.php(79): CodeIgniter\CodeIgniter->run()
 8 SYSTEMPATH\Commands\Server\rewrite.php(47): require_once('C:\\xampp\\htdocs\\sneaky_shoes\\public\\index.php')
CRITICAL - 2023-12-05 17:30:18 --> Invalid file: "usuario/agregar.php"
in SYSTEMPATH\Exceptions\FrameworkException.php on line 39.
 1 SYSTEMPATH\View\View.php(216): CodeIgniter\Exceptions\FrameworkException::forInvalidFile('usuario/agregar.php')
 2 SYSTEMPATH\Common.php(1190): CodeIgniter\View\View->render('usuario/agregar', [], true)
 3 APPPATH\Controllers\Usuario.php(39): view('usuario/agregar')
 4 SYSTEMPATH\CodeIgniter.php(942): App\Controllers\Usuario->agregar()
 5 SYSTEMPATH\CodeIgniter.php(502): CodeIgniter\CodeIgniter->runController(Object(App\Controllers\Usuario))
 6 SYSTEMPATH\CodeIgniter.php(361): CodeIgniter\CodeIgniter->handleRequest(null, Object(Config\Cache), false)
 7 FCPATH\index.php(79): CodeIgniter\CodeIgniter->run()
 8 SYSTEMPATH\Commands\Server\rewrite.php(47): require_once('C:\\xampp\\htdocs\\sneaky_shoes\\public\\index.php')
CRITICAL - 2023-12-05 17:30:21 --> Invalid file: "usuario/mostrar.php"
in SYSTEMPATH\Exceptions\FrameworkException.php on line 39.
 1 SYSTEMPATH\View\View.php(216): CodeIgniter\Exceptions\FrameworkException::forInvalidFile('usuario/mostrar.php')
 2 SYSTEMPATH\Common.php(1190): CodeIgniter\View\View->render('usuario/mostrar', [], true)
 3 APPPATH\Controllers\Usuario.php(29): view('usuario/mostrar', [...])
 4 SYSTEMPATH\CodeIgniter.php(942): App\Controllers\Usuario->mostrar()
 5 SYSTEMPATH\CodeIgniter.php(502): CodeIgniter\CodeIgniter->runController(Object(App\Controllers\Usuario))
 6 SYSTEMPATH\CodeIgniter.php(361): CodeIgniter\CodeIgniter->handleRequest(null, Object(Config\Cache), false)
 7 FCPATH\index.php(79): CodeIgniter\CodeIgniter->run()
 8 SYSTEMPATH\Commands\Server\rewrite.php(47): require_once('C:\\xampp\\htdocs\\sneaky_shoes\\public\\index.php')
CRITICAL - 2023-12-05 17:34:32 --> Invalid file: "usuario/agregar.php"
in SYSTEMPATH\Exceptions\FrameworkException.php on line 39.
 1 SYSTEMPATH\View\View.php(216): CodeIgniter\Exceptions\FrameworkException::forInvalidFile('usuario/agregar.php')
 2 SYSTEMPATH\Common.php(1190): CodeIgniter\View\View->render('usuario/agregar', [], true)
 3 APPPATH\Controllers\Usuario.php(38): view('usuario/agregar')
 4 SYSTEMPATH\CodeIgniter.php(942): App\Controllers\Usuario->agregar()
 5 SYSTEMPATH\CodeIgniter.php(502): CodeIgniter\CodeIgniter->runController(Object(App\Controllers\Usuario))
 6 SYSTEMPATH\CodeIgniter.php(361): CodeIgniter\CodeIgniter->handleRequest(null, Object(Config\Cache), false)
 7 FCPATH\index.php(79): CodeIgniter\CodeIgniter->run()
 8 SYSTEMPATH\Commands\Server\rewrite.php(47): require_once('C:\\xampp\\htdocs\\sneaky_shoes\\public\\index.php')
CRITICAL - 2023-12-05 17:35:33 --> Invalid file: "usuario/agregar.php"
in SYSTEMPATH\Exceptions\FrameworkException.php on line 39.
 1 SYSTEMPATH\View\View.php(216): CodeIgniter\Exceptions\FrameworkException::forInvalidFile('usuario/agregar.php')
 2 SYSTEMPATH\Common.php(1190): CodeIgniter\View\View->render('usuario/agregar', [], true)
 3 APPPATH\Controllers\Usuario.php(38): view('usuario/agregar')
 4 SYSTEMPATH\CodeIgniter.php(942): App\Controllers\Usuario->agregar()
 5 SYSTEMPATH\CodeIgniter.php(502): CodeIgniter\CodeIgniter->runController(Object(App\Controllers\Usuario))
 6 SYSTEMPATH\CodeIgniter.php(361): CodeIgniter\CodeIgniter->handleRequest(null, Object(Config\Cache), false)
 7 FCPATH\index.php(79): CodeIgniter\CodeIgniter->run()
 8 SYSTEMPATH\Commands\Server\rewrite.php(47): require_once('C:\\xampp\\htdocs\\sneaky_shoes\\public\\index.php')
CRITICAL - 2023-12-05 17:35:34 --> Invalid file: "usuario/agregar.php"
in SYSTEMPATH\Exceptions\FrameworkException.php on line 39.
 1 SYSTEMPATH\View\View.php(216): CodeIgniter\Exceptions\FrameworkException::forInvalidFile('usuario/agregar.php')
 2 SYSTEMPATH\Common.php(1190): CodeIgniter\View\View->render('usuario/agregar', [], true)
 3 APPPATH\Controllers\Usuario.php(38): view('usuario/agregar')
 4 SYSTEMPATH\CodeIgniter.php(942): App\Controllers\Usuario->agregar()
 5 SYSTEMPATH\CodeIgniter.php(502): CodeIgniter\CodeIgniter->runController(Object(App\Controllers\Usuario))
 6 SYSTEMPATH\CodeIgniter.php(361): CodeIgniter\CodeIgniter->handleRequest(null, Object(Config\Cache), false)
 7 FCPATH\index.php(79): CodeIgniter\CodeIgniter->run()
 8 SYSTEMPATH\Commands\Server\rewrite.php(47): require_once('C:\\xampp\\htdocs\\sneaky_shoes\\public\\index.php')
CRITICAL - 2023-12-05 17:36:29 --> Invalid file: "usuario/agregar.php"
in SYSTEMPATH\Exceptions\FrameworkException.php on line 39.
 1 SYSTEMPATH\View\View.php(216): CodeIgniter\Exceptions\FrameworkException::forInvalidFile('usuario/agregar.php')
 2 SYSTEMPATH\Common.php(1190): CodeIgniter\View\View->render('usuario/agregar', [], true)
 3 APPPATH\Controllers\Usuario.php(38): view('usuario/agregar')
 4 SYSTEMPATH\CodeIgniter.php(942): App\Controllers\Usuario->agregar()
 5 SYSTEMPATH\CodeIgniter.php(502): CodeIgniter\CodeIgniter->runController(Object(App\Controllers\Usuario))
 6 SYSTEMPATH\CodeIgniter.php(361): CodeIgniter\CodeIgniter->handleRequest(null, Object(Config\Cache), false)
 7 FCPATH\index.php(79): CodeIgniter\CodeIgniter->run()
 8 SYSTEMPATH\Commands\Server\rewrite.php(47): require_once('C:\\xampp\\htdocs\\sneaky_shoes\\public\\index.php')
CRITICAL - 2023-12-05 17:36:29 --> Invalid file: "usuario/agregar.php"
in SYSTEMPATH\Exceptions\FrameworkException.php on line 39.
 1 SYSTEMPATH\View\View.php(216): CodeIgniter\Exceptions\FrameworkException::forInvalidFile('usuario/agregar.php')
 2 SYSTEMPATH\Common.php(1190): CodeIgniter\View\View->render('usuario/agregar', [], true)
 3 APPPATH\Controllers\Usuario.php(38): view('usuario/agregar')
 4 SYSTEMPATH\CodeIgniter.php(942): App\Controllers\Usuario->agregar()
 5 SYSTEMPATH\CodeIgniter.php(502): CodeIgniter\CodeIgniter->runController(Object(App\Controllers\Usuario))
 6 SYSTEMPATH\CodeIgniter.php(361): CodeIgniter\CodeIgniter->handleRequest(null, Object(Config\Cache), false)
 7 FCPATH\index.php(79): CodeIgniter\CodeIgniter->run()
 8 SYSTEMPATH\Commands\Server\rewrite.php(47): require_once('C:\\xampp\\htdocs\\sneaky_shoes\\public\\index.php')
CRITICAL - 2023-12-05 17:46:57 --> Invalid file: "usuario/agregar.php"
in SYSTEMPATH\Exceptions\FrameworkException.php on line 39.
 1 SYSTEMPATH\View\View.php(216): CodeIgniter\Exceptions\FrameworkException::forInvalidFile('usuario/agregar.php')
 2 SYSTEMPATH\Common.php(1190): CodeIgniter\View\View->render('usuario/agregar', [], true)
 3 APPPATH\Controllers\Usuario.php(38): view('usuario/agregar')
 4 SYSTEMPATH\CodeIgniter.php(942): App\Controllers\Usuario->agregar()
 5 SYSTEMPATH\CodeIgniter.php(502): CodeIgniter\CodeIgniter->runController(Object(App\Controllers\Usuario))
 6 SYSTEMPATH\CodeIgniter.php(361): CodeIgniter\CodeIgniter->handleRequest(null, Object(Config\Cache), false)
 7 FCPATH\index.php(79): CodeIgniter\CodeIgniter->run()
 8 SYSTEMPATH\Commands\Server\rewrite.php(47): require_once('C:\\xampp\\htdocs\\sneaky_shoes\\public\\index.php')
CRITICAL - 2023-12-05 17:46:59 --> Invalid file: "usuario/agregar.php"
in SYSTEMPATH\Exceptions\FrameworkException.php on line 39.
 1 SYSTEMPATH\View\View.php(216): CodeIgniter\Exceptions\FrameworkException::forInvalidFile('usuario/agregar.php')
 2 SYSTEMPATH\Common.php(1190): CodeIgniter\View\View->render('usuario/agregar', [], true)
 3 APPPATH\Controllers\Usuario.php(38): view('usuario/agregar')
 4 SYSTEMPATH\CodeIgniter.php(942): App\Controllers\Usuario->agregar()
 5 SYSTEMPATH\CodeIgniter.php(502): CodeIgniter\CodeIgniter->runController(Object(App\Controllers\Usuario))
 6 SYSTEMPATH\CodeIgniter.php(361): CodeIgniter\CodeIgniter->handleRequest(null, Object(Config\Cache), false)
 7 FCPATH\index.php(79): CodeIgniter\CodeIgniter->run()
 8 SYSTEMPATH\Commands\Server\rewrite.php(47): require_once('C:\\xampp\\htdocs\\sneaky_shoes\\public\\index.php')
CRITICAL - 2023-12-05 18:07:45 --> Invalid file: "usuario/agregar.php"
in SYSTEMPATH\Exceptions\FrameworkException.php on line 39.
 1 SYSTEMPATH\View\View.php(216): CodeIgniter\Exceptions\FrameworkException::forInvalidFile('usuario/agregar.php')
 2 SYSTEMPATH\Common.php(1190): CodeIgniter\View\View->render('usuario/agregar', [], true)
 3 APPPATH\Controllers\Usuario.php(38): view('usuario/agregar')
 4 SYSTEMPATH\CodeIgniter.php(942): App\Controllers\Usuario->agregar()
 5 SYSTEMPATH\CodeIgniter.php(502): CodeIgniter\CodeIgniter->runController(Object(App\Controllers\Usuario))
 6 SYSTEMPATH\CodeIgniter.php(361): CodeIgniter\CodeIgniter->handleRequest(null, Object(Config\Cache), false)
 7 FCPATH\index.php(79): CodeIgniter\CodeIgniter->run()
 8 SYSTEMPATH\Commands\Server\rewrite.php(47): require_once('C:\\xampp\\htdocs\\sneaky_shoes\\public\\index.php')
CRITICAL - 2023-12-05 20:06:28 --> Invalid file: "usuario/agregar.php"
in SYSTEMPATH\Exceptions\FrameworkException.php on line 39.
 1 SYSTEMPATH\View\View.php(216): CodeIgniter\Exceptions\FrameworkException::forInvalidFile('usuario/agregar.php')
 2 SYSTEMPATH\Common.php(1190): CodeIgniter\View\View->render('usuario/agregar', [], true)
 3 APPPATH\Controllers\Usuario.php(38): view('usuario/agregar')
 4 SYSTEMPATH\CodeIgniter.php(942): App\Controllers\Usuario->agregar()
 5 SYSTEMPATH\CodeIgniter.php(502): CodeIgniter\CodeIgniter->runController(Object(App\Controllers\Usuario))
 6 SYSTEMPATH\CodeIgniter.php(361): CodeIgniter\CodeIgniter->handleRequest(null, Object(Config\Cache), false)
 7 FCPATH\index.php(79): CodeIgniter\CodeIgniter->run()
 8 SYSTEMPATH\Commands\Server\rewrite.php(47): require_once('C:\\xampp\\htdocs\\sneaky_shoes\\public\\index.php')
CRITICAL - 2023-12-05 20:19:39 --> Undefined variable $usuarios
in APPPATH\Views\usuarios\mostrar.php on line 19.
 1 APPPATH\Views\usuarios\mostrar.php(19): CodeIgniter\Debug\Exceptions->errorHandler(2, 'Undefined variable $usuarios', 'C:\\xampp\\htdocs\\sneaky_shoes\\app\\Views\\usuarios\\mostrar.php', 19)
 2 SYSTEMPATH\View\View.php(228): include('C:\\xampp\\htdocs\\sneaky_shoes\\app\\Views\\usuarios\\mostrar.php')
 3 SYSTEMPATH\View\View.php(231): CodeIgniter\View\View->CodeIgniter\View\{closure}()
 4 SYSTEMPATH\Common.php(1190): CodeIgniter\View\View->render('usuarios/mostrar', [], true)
 5 APPPATH\Controllers\Usuario.php(28): view('usuarios/mostrar', [...])
 6 SYSTEMPATH\CodeIgniter.php(942): App\Controllers\Usuario->mostrar()
 7 SYSTEMPATH\CodeIgniter.php(502): CodeIgniter\CodeIgniter->runController(Object(App\Controllers\Usuario))
 8 SYSTEMPATH\CodeIgniter.php(361): CodeIgniter\CodeIgniter->handleRequest(null, Object(Config\Cache), false)
 9 FCPATH\index.php(79): CodeIgniter\CodeIgniter->run()
10 SYSTEMPATH\Commands\Server\rewrite.php(47): require_once('C:\\xampp\\htdocs\\sneaky_shoes\\public\\index.php')
CRITICAL - 2023-12-05 20:20:42 --> Undefined variable $usuarios
in APPPATH\Views\usuario\mostrar.php on line 19.
 1 APPPATH\Views\usuario\mostrar.php(19): CodeIgniter\Debug\Exceptions->errorHandler(2, 'Undefined variable $usuarios', 'C:\\xampp\\htdocs\\sneaky_shoes\\app\\Views\\usuario\\mostrar.php', 19)
 2 SYSTEMPATH\View\View.php(228): include('C:\\xampp\\htdocs\\sneaky_shoes\\app\\Views\\usuario\\mostrar.php')
 3 SYSTEMPATH\View\View.php(231): CodeIgniter\View\View->CodeIgniter\View\{closure}()
 4 SYSTEMPATH\Common.php(1190): CodeIgniter\View\View->render('usuario/mostrar', [], true)
 5 APPPATH\Controllers\Usuario.php(28): view('usuario/mostrar', [...])
 6 SYSTEMPATH\CodeIgniter.php(942): App\Controllers\Usuario->mostrar()
 7 SYSTEMPATH\CodeIgniter.php(502): CodeIgniter\CodeIgniter->runController(Object(App\Controllers\Usuario))
 8 SYSTEMPATH\CodeIgniter.php(361): CodeIgniter\CodeIgniter->handleRequest(null, Object(Config\Cache), false)
 9 FCPATH\index.php(79): CodeIgniter\CodeIgniter->run()
10 SYSTEMPATH\Commands\Server\rewrite.php(47): require_once('C:\\xampp\\htdocs\\sneaky_shoes\\public\\index.php')
CRITICAL - 2023-12-05 20:20:44 --> Undefined variable $usuarios
in APPPATH\Views\usuario\mostrar.php on line 19.
 1 APPPATH\Views\usuario\mostrar.php(19): CodeIgniter\Debug\Exceptions->errorHandler(2, 'Undefined variable $usuarios', 'C:\\xampp\\htdocs\\sneaky_shoes\\app\\Views\\usuario\\mostrar.php', 19)
 2 SYSTEMPATH\View\View.php(228): include('C:\\xampp\\htdocs\\sneaky_shoes\\app\\Views\\usuario\\mostrar.php')
 3 SYSTEMPATH\View\View.php(231): CodeIgniter\View\View->CodeIgniter\View\{closure}()
 4 SYSTEMPATH\Common.php(1190): CodeIgniter\View\View->render('usuario/mostrar', [], true)
 5 APPPATH\Controllers\Usuario.php(28): view('usuario/mostrar', [...])
 6 SYSTEMPATH\CodeIgniter.php(942): App\Controllers\Usuario->mostrar()
 7 SYSTEMPATH\CodeIgniter.php(502): CodeIgniter\CodeIgniter->runController(Object(App\Controllers\Usuario))
 8 SYSTEMPATH\CodeIgniter.php(361): CodeIgniter\CodeIgniter->handleRequest(null, Object(Config\Cache), false)
 9 FCPATH\index.php(79): CodeIgniter\CodeIgniter->run()
10 SYSTEMPATH\Commands\Server\rewrite.php(47): require_once('C:\\xampp\\htdocs\\sneaky_shoes\\public\\index.php')
CRITICAL - 2023-12-05 20:20:49 --> Undefined variable $usuarios
in APPPATH\Views\usuario\mostrar.php on line 19.
 1 APPPATH\Views\usuario\mostrar.php(19): CodeIgniter\Debug\Exceptions->errorHandler(2, 'Undefined variable $usuarios', 'C:\\xampp\\htdocs\\sneaky_shoes\\app\\Views\\usuario\\mostrar.php', 19)
 2 SYSTEMPATH\View\View.php(228): include('C:\\xampp\\htdocs\\sneaky_shoes\\app\\Views\\usuario\\mostrar.php')
 3 SYSTEMPATH\View\View.php(231): CodeIgniter\View\View->CodeIgniter\View\{closure}()
 4 SYSTEMPATH\Common.php(1190): CodeIgniter\View\View->render('usuario/mostrar', [], true)
 5 APPPATH\Controllers\Usuario.php(28): view('usuario/mostrar', [...])
 6 SYSTEMPATH\CodeIgniter.php(942): App\Controllers\Usuario->mostrar()
 7 SYSTEMPATH\CodeIgniter.php(502): CodeIgniter\CodeIgniter->runController(Object(App\Controllers\Usuario))
 8 SYSTEMPATH\CodeIgniter.php(361): CodeIgniter\CodeIgniter->handleRequest(null, Object(Config\Cache), false)
 9 FCPATH\index.php(79): CodeIgniter\CodeIgniter->run()
10 SYSTEMPATH\Commands\Server\rewrite.php(47): require_once('C:\\xampp\\htdocs\\sneaky_shoes\\public\\index.php')
CRITICAL - 2023-12-05 20:24:52 --> Undefined array key "nombre_sneaker"
in APPPATH\Controllers\Usuario.php on line 70.
 1 APPPATH\Controllers\Usuario.php(70): CodeIgniter\Debug\Exceptions->errorHandler(2, 'Undefined array key "nombre_sneaker"', 'C:\\xampp\\htdocs\\sneaky_shoes\\app\\Controllers\\Usuario.php', 70)
 2 APPPATH\Controllers\Usuario.php(60): App\Controllers\Usuario->insert()
 3 SYSTEMPATH\CodeIgniter.php(942): App\Controllers\Usuario->agregar()
 4 SYSTEMPATH\CodeIgniter.php(502): CodeIgniter\CodeIgniter->runController(Object(App\Controllers\Usuario))
 5 SYSTEMPATH\CodeIgniter.php(361): CodeIgniter\CodeIgniter->handleRequest(null, Object(Config\Cache), false)
 6 FCPATH\index.php(79): CodeIgniter\CodeIgniter->run()
 7 SYSTEMPATH\Commands\Server\rewrite.php(47): require_once('C:\\xampp\\htdocs\\sneaky_shoes\\public\\index.php')
